tensor/build/intermediates/manifest_merge_blame_file/debug/manifest-merger-blame-debug-report.txt
1<?xml version="1.0" encoding="utf-8"?>
2<!--
3    ~ Copyright 2022 The TensorFlow Authors. All Rights Reserved.
4    ~
5    ~ Licensed under the Apache License, Version 2.0 (the "License");
6    ~ you may not use this file except in compliance with the License.
7    ~ You may obtain a copy of the License at
8    ~
9    ~       http://www.apache.org/licenses/LICENSE-2.0
10    ~
11    ~ Unless required by applicable law or agreed to in writing, software
12    ~ distributed under the License is distributed on an "AS IS" BASIS,
13    ~ WITHOUT WARRANTIES OR CONDITIONS OF ANY KIND, either express or implied.
14    ~ See the License for the specific language governing permissions and
15    ~ limitations under the License.
16-->
17<manifest xmlns:android="http://schemas.android.com/apk/res/android"
18    xmlns:dist="http://schemas.android.com/apk/distribution"
19    xmlns:tools="http://schemas.android.com/tools"
20    package="org.tensorflow.lite.examples.imageclassification" >
21
22    <uses-sdk android:minSdkVersion="23" />
22-->src/main/AndroidManifest.xml
23
24    <!-- Enable instant app support -->
25    <dist:module dist:instant="true" />
25-->src/main/AndroidManifest.xml:23:5-40
25-->src/main/AndroidManifest.xml:23:18-37
26
27    <!-- Declare features -->
28    <uses-feature android:name="android.hardware.camera" />
28-->src/main/AndroidManifest.xml:26:5-60
28-->src/main/AndroidManifest.xml:26:19-57
29
30    <!-- Declare permissions -->
31    <uses-permission android:name="android.permission.CAMERA" />
31-->src/main/AndroidManifest.xml:29:5-65
31-->src/main/AndroidManifest.xml:29:22-62
32
33    <application
33-->src/main/AndroidManifest.xml:31:5-62:19
34        android:allowBackup="true"
34-->src/main/AndroidManifest.xml:32:9-35
35        android:icon="@mipmap/ic_launcher"
35-->src/main/AndroidManifest.xml:33:9-43
36        android:label="@string/app_name"
36-->src/main/AndroidManifest.xml:34:9-41
37        android:roundIcon="@mipmap/ic_launcher_round"
37-->src/main/AndroidManifest.xml:35:9-54
38        android:supportsRtl="true"
38-->src/main/AndroidManifest.xml:36:9-35
39        android:taskAffinity=""
39-->src/main/AndroidManifest.xml:37:9-32
40        tools:ignore="AllowBackup" >
40-->src/main/AndroidManifest.xml:38:9-35
41        <activity
41-->src/main/AndroidManifest.xml:40:9-61:20
42            android:name="org.tensorflow.lite.examples.imageclassification.MainActivity"
42-->src/main/AndroidManifest.xml:41:13-41
43            android:clearTaskOnLaunch="true"
43-->src/main/AndroidManifest.xml:42:13-45
44            android:configChanges="orientation|screenLayout|screenSize|smallestScreenSize"
44-->src/main/AndroidManifest.xml:43:13-91
45            android:exported="true"
45-->src/main/AndroidManifest.xml:44:13-36
46            android:resizeableActivity="true"
46-->src/main/AndroidManifest.xml:45:13-46
47            android:rotationAnimation="seamless"
47-->src/main/AndroidManifest.xml:46:13-49
48            android:theme="@style/AppTheme"
48-->src/main/AndroidManifest.xml:47:13-44
49            tools:targetApi="O" >
49-->src/main/AndroidManifest.xml:48:13-32
50
51            <!-- Main app intent filter -->
52            <intent-filter>
52-->src/main/AndroidManifest.xml:51:13-55:29
53                <action android:name="android.intent.action.MAIN" />
53-->src/main/AndroidManifest.xml:52:17-69
53-->src/main/AndroidManifest.xml:52:25-66
54
55                <category android:name="android.intent.category.LAUNCHER" />
55-->src/main/AndroidManifest.xml:54:17-77
55-->src/main/AndroidManifest.xml:54:27-74
56            </intent-filter>
57
58            <!-- Declare notch support -->
59            <meta-data
59-->src/main/AndroidManifest.xml:58:13-60:40
60                android:name="android.notch_support"
60-->src/main/AndroidManifest.xml:59:17-53
61                android:value="true" />
61-->src/main/AndroidManifest.xml:60:17-37
62        </activity>
63    </application>
64
65</manifest>